Determining if the pthread_create exist failed with the following output:
Change Dir: /home/jason/Desktop/Dropbox/fall2014/Scalable Machine Learning/hw5/Galois-2.2.1/build/default/CMakeFiles/CMakeTmp

Run Build Command:/usr/bin/make "cmTryCompileExec128247776/fast"
/usr/bin/make -f CMakeFiles/cmTryCompileExec128247776.dir/build.make CMakeFiles/cmTryCompileExec128247776.dir/build
make[1]: Entering directory `/home/jason/Desktop/Dropbox/fall2014/Scalable Machine Learning/hw5/Galois-2.2.1/build/default/CMakeFiles/CMakeTmp'
/usr/bin/cmake -E cmake_progress_report "/home/jason/Desktop/Dropbox/fall2014/Scalable Machine Learning/hw5/Galois-2.2.1/build/default/CMakeFiles/CMakeTmp/CMakeFiles" 1
Building C object CMakeFiles/cmTryCompileExec128247776.dir/CheckSymbolExists.c.o
/usr/bin/cc   -g     -o CMakeFiles/cmTryCompileExec128247776.dir/CheckSymbolExists.c.o   -c "/home/jason/Desktop/Dropbox/fall2014/Scalable Machine Learning/hw5/Galois-2.2.1/build/default/CMakeFiles/CMakeTmp/CheckSymbolExists.c"
Linking C executable cmTryCompileExec128247776
/usr/bin/cmake -E cmake_link_script CMakeFiles/cmTryCompileExec128247776.dir/link.txt --verbose=1
/usr/bin/cc    -g      CMakeFiles/cmTryCompileExec128247776.dir/CheckSymbolExists.c.o  -o cmTryCompileExec128247776 -rdynamic 
CMakeFiles/cmTryCompileExec128247776.dir/CheckSymbolExists.c.o: In function `main':
/home/jason/Desktop/Dropbox/fall2014/Scalable Machine Learning/hw5/Galois-2.2.1/build/default/CMakeFiles/CMakeTmp/CheckSymbolExists.c:8: undefined reference to `pthread_create'
collect2: error: ld returned 1 exit status
make[1]: *** [cmTryCompileExec128247776] Error 1
make[1]: Leaving directory `/home/jason/Desktop/Dropbox/fall2014/Scalable Machine Learning/hw5/Galois-2.2.1/build/default/CMakeFiles/CMakeTmp'
make: *** [cmTryCompileExec128247776/fast] Error 2

File /home/jason/Desktop/Dropbox/fall2014/Scalable Machine Learning/hw5/Galois-2.2.1/build/default/CMakeFiles/CMakeTmp/CheckSymbolExists.c:
/* */
#include <pthread.h>

int main(int argc, char** argv)
{
  (void)argv;
#ifndef pthread_create
  return ((int*)(&pthread_create))[argc];
#else
  (void)argc;
  return 0;
#endif
}

Determining if the function pthread_create exists in the pthreads failed with the following output:
Change Dir: /home/jason/Desktop/Dropbox/fall2014/Scalable Machine Learning/hw5/Galois-2.2.1/build/default/CMakeFiles/CMakeTmp

Run Build Command:/usr/bin/make "cmTryCompileExec185361962/fast"
/usr/bin/make -f CMakeFiles/cmTryCompileExec185361962.dir/build.make CMakeFiles/cmTryCompileExec185361962.dir/build
make[1]: Entering directory `/home/jason/Desktop/Dropbox/fall2014/Scalable Machine Learning/hw5/Galois-2.2.1/build/default/CMakeFiles/CMakeTmp'
/usr/bin/cmake -E cmake_progress_report "/home/jason/Desktop/Dropbox/fall2014/Scalable Machine Learning/hw5/Galois-2.2.1/build/default/CMakeFiles/CMakeTmp/CMakeFiles" 1
Building C object CMakeFiles/cmTryCompileExec185361962.dir/CheckFunctionExists.c.o
/usr/bin/cc   -g  -DCHECK_FUNCTION_EXISTS=pthread_create   -o CMakeFiles/cmTryCompileExec185361962.dir/CheckFunctionExists.c.o   -c /usr/share/cmake-2.8/Modules/CheckFunctionExists.c
Linking C executable cmTryCompileExec185361962
/usr/bin/cmake -E cmake_link_script CMakeFiles/cmTryCompileExec185361962.dir/link.txt --verbose=1
/usr/bin/cc    -g  -DCHECK_FUNCTION_EXISTS=pthread_create    CMakeFiles/cmTryCompileExec185361962.dir/CheckFunctionExists.c.o  -o cmTryCompileExec185361962 -rdynamic -lpthreads 
/usr/bin/ld: cannot find -lpthreads
collect2: error: ld returned 1 exit status
make[1]: *** [cmTryCompileExec185361962] Error 1
make[1]: Leaving directory `/home/jason/Desktop/Dropbox/fall2014/Scalable Machine Learning/hw5/Galois-2.2.1/build/default/CMakeFiles/CMakeTmp'
make: *** [cmTryCompileExec185361962/fast] Error 2


Performing C++ SOURCE FILE Test HAVE_CILK failed with the following output:
Change Dir: /home/jason/Desktop/Dropbox/fall2014/Scalable Machine Learning/hw5/Galois-2.2.1/build/default/CMakeFiles/CMakeTmp

Run Build Command:/usr/bin/make "cmTryCompileExec134605369/fast"
/usr/bin/make -f CMakeFiles/cmTryCompileExec134605369.dir/build.make CMakeFiles/cmTryCompileExec134605369.dir/build
make[1]: Entering directory `/home/jason/Desktop/Dropbox/fall2014/Scalable Machine Learning/hw5/Galois-2.2.1/build/default/CMakeFiles/CMakeTmp'
/usr/bin/cmake -E cmake_progress_report "/home/jason/Desktop/Dropbox/fall2014/Scalable Machine Learning/hw5/Galois-2.2.1/build/default/CMakeFiles/CMakeTmp/CMakeFiles" 1
Building CXX object CMakeFiles/cmTryCompileExec134605369.dir/src.cxx.o
/usr/bin/c++    -g -march=native  -DHAVE_CILK   -o CMakeFiles/cmTryCompileExec134605369.dir/src.cxx.o -c "/home/jason/Desktop/Dropbox/fall2014/Scalable Machine Learning/hw5/Galois-2.2.1/build/default/CMakeFiles/CMakeTmp/src.cxx"
/home/jason/Desktop/Dropbox/fall2014/Scalable Machine Learning/hw5/Galois-2.2.1/build/default/CMakeFiles/CMakeTmp/src.cxx:2:23: fatal error: cilk/cilk.h: No such file or directory
 #include <cilk/cilk.h>
                       ^
compilation terminated.
make[1]: *** [CMakeFiles/cmTryCompileExec134605369.dir/src.cxx.o] Error 1
make[1]: Leaving directory `/home/jason/Desktop/Dropbox/fall2014/Scalable Machine Learning/hw5/Galois-2.2.1/build/default/CMakeFiles/CMakeTmp'
make: *** [cmTryCompileExec134605369/fast] Error 2

Source file was:

#include <cilk/cilk.h>
int main(){ cilk_for(int i=0;i<1; ++i); }

Performing C++ SOURCE FILE Test CXX11_FLAG_DETECTED failed with the following output:
Change Dir: /home/jason/Desktop/Dropbox/fall2014/Scalable Machine Learning/hw5/Galois-2.2.1/build/default/CMakeFiles/CMakeTmp

Run Build Command:/usr/bin/make "cmTryCompileExec1014897284/fast"
/usr/bin/make -f CMakeFiles/cmTryCompileExec1014897284.dir/build.make CMakeFiles/cmTryCompileExec1014897284.dir/build
make[1]: Entering directory `/home/jason/Desktop/Dropbox/fall2014/Scalable Machine Learning/hw5/Galois-2.2.1/build/default/CMakeFiles/CMakeTmp'
/usr/bin/cmake -E cmake_progress_report "/home/jason/Desktop/Dropbox/fall2014/Scalable Machine Learning/hw5/Galois-2.2.1/build/default/CMakeFiles/CMakeTmp/CMakeFiles" 1
Building CXX object CMakeFiles/cmTryCompileExec1014897284.dir/src.cxx.o
/usr/bin/c++    -g -march=native  -DCXX11_FLAG_DETECTED   -qlanglvl=extended0x -o CMakeFiles/cmTryCompileExec1014897284.dir/src.cxx.o -c "/home/jason/Desktop/Dropbox/fall2014/Scalable Machine Learning/hw5/Galois-2.2.1/build/default/CMakeFiles/CMakeTmp/src.cxx"
c++: error: unrecognized command line option ‘-qlanglvl=extended0x’
make[1]: *** [CMakeFiles/cmTryCompileExec1014897284.dir/src.cxx.o] Error 1
make[1]: Leaving directory `/home/jason/Desktop/Dropbox/fall2014/Scalable Machine Learning/hw5/Galois-2.2.1/build/default/CMakeFiles/CMakeTmp'
make: *** [cmTryCompileExec1014897284/fast] Error 2

Source file was:
int main() { return 0;}
Determining if the system is big endian passed with the following output:
Change Dir: /home/jason/Desktop/Dropbox/fall2014/Scalable Machine Learning/hw5/Galois-2.2.1/build/default/CMakeFiles/CMakeTmp

Run Build Command:/usr/bin/make "cmTryCompileExec789809270/fast"
/usr/bin/make -f CMakeFiles/cmTryCompileExec789809270.dir/build.make CMakeFiles/cmTryCompileExec789809270.dir/build
make[1]: Entering directory `/home/jason/Desktop/Dropbox/fall2014/Scalable Machine Learning/hw5/Galois-2.2.1/build/default/CMakeFiles/CMakeTmp'
/usr/bin/cmake -E cmake_progress_report "/home/jason/Desktop/Dropbox/fall2014/Scalable Machine Learning/hw5/Galois-2.2.1/build/default/CMakeFiles/CMakeTmp/CMakeFiles" 1
Building C object CMakeFiles/cmTryCompileExec789809270.dir/TestEndianess.c.o
/usr/bin/cc   -g     -o CMakeFiles/cmTryCompileExec789809270.dir/TestEndianess.c.o   -c "/home/jason/Desktop/Dropbox/fall2014/Scalable Machine Learning/hw5/Galois-2.2.1/build/default/CMakeFiles/CMakeTmp/TestEndianess.c"
Linking C executable cmTryCompileExec789809270
/usr/bin/cmake -E cmake_link_script CMakeFiles/cmTryCompileExec789809270.dir/link.txt --verbose=1
/usr/bin/cc    -g      CMakeFiles/cmTryCompileExec789809270.dir/TestEndianess.c.o  -o cmTryCompileExec789809270 -rdynamic 
make[1]: Leaving directory `/home/jason/Desktop/Dropbox/fall2014/Scalable Machine Learning/hw5/Galois-2.2.1/build/default/CMakeFiles/CMakeTmp'

TestEndianess.c:
/* A 16 bit integer is required. */
typedef unsigned short cmakeint16;

/* On a little endian machine, these 16bit ints will give "THIS IS LITTLE ENDIAN."
   On a big endian machine the characters will be exchanged pairwise. */
const cmakeint16 info_little[] =  {0x4854, 0x5349, 0x4920, 0x2053, 0x494c, 0x5454, 0x454c, 0x4520, 0x444e, 0x4149, 0x2e4e, 0x0000};

/* on a big endian machine, these 16bit ints will give "THIS IS BIG ENDIAN."
   On a little endian machine the characters will be exchanged pairwise. */
const cmakeint16 info_big[] =     {0x5448, 0x4953, 0x2049, 0x5320, 0x4249, 0x4720, 0x454e, 0x4449, 0x414e, 0x2e2e, 0x0000};

#ifdef __CLASSIC_C__
int main(argc, argv) int argc; char *argv[];
#else
int main(int argc, char *argv[])
#endif
{
  int require = 0;
  require += info_little[argc];
  require += info_big[argc];
  (void)argv;
  return require;
}


Determining if the include file dl.h exists failed with the following output:
Change Dir: /home/jason/Desktop/Dropbox/fall2014/Scalable Machine Learning/hw5/Galois-2.2.1/build/default/CMakeFiles/CMakeTmp

Run Build Command:/usr/bin/make "cmTryCompileExec3054912217/fast"
/usr/bin/make -f CMakeFiles/cmTryCompileExec3054912217.dir/build.make CMakeFiles/cmTryCompileExec3054912217.dir/build
make[1]: Entering directory `/home/jason/Desktop/Dropbox/fall2014/Scalable Machine Learning/hw5/Galois-2.2.1/build/default/CMakeFiles/CMakeTmp'
/usr/bin/cmake -E cmake_progress_report "/home/jason/Desktop/Dropbox/fall2014/Scalable Machine Learning/hw5/Galois-2.2.1/build/default/CMakeFiles/CMakeTmp/CMakeFiles" 1
Building C object CMakeFiles/cmTryCompileExec3054912217.dir/CheckIncludeFile.c.o
/usr/bin/cc   -g     -o CMakeFiles/cmTryCompileExec3054912217.dir/CheckIncludeFile.c.o   -c "/home/jason/Desktop/Dropbox/fall2014/Scalable Machine Learning/hw5/Galois-2.2.1/build/default/CMakeFiles/CMakeTmp/CheckIncludeFile.c"
/home/jason/Desktop/Dropbox/fall2014/Scalable Machine Learning/hw5/Galois-2.2.1/build/default/CMakeFiles/CMakeTmp/CheckIncludeFile.c:1:16: fatal error: dl.h: No such file or directory
 #include <dl.h>
                ^
compilation terminated.
make[1]: *** [CMakeFiles/cmTryCompileExec3054912217.dir/CheckIncludeFile.c.o] Error 1
make[1]: Leaving directory `/home/jason/Desktop/Dropbox/fall2014/Scalable Machine Learning/hw5/Galois-2.2.1/build/default/CMakeFiles/CMakeTmp'
make: *** [cmTryCompileExec3054912217/fast] Error 2


Determining if the include file dld.h exists failed with the following output:
Change Dir: /home/jason/Desktop/Dropbox/fall2014/Scalable Machine Learning/hw5/Galois-2.2.1/build/default/CMakeFiles/CMakeTmp

Run Build Command:/usr/bin/make "cmTryCompileExec3984614500/fast"
/usr/bin/make -f CMakeFiles/cmTryCompileExec3984614500.dir/build.make CMakeFiles/cmTryCompileExec3984614500.dir/build
make[1]: Entering directory `/home/jason/Desktop/Dropbox/fall2014/Scalable Machine Learning/hw5/Galois-2.2.1/build/default/CMakeFiles/CMakeTmp'
/usr/bin/cmake -E cmake_progress_report "/home/jason/Desktop/Dropbox/fall2014/Scalable Machine Learning/hw5/Galois-2.2.1/build/default/CMakeFiles/CMakeTmp/CMakeFiles" 1
Building C object CMakeFiles/cmTryCompileExec3984614500.dir/CheckIncludeFile.c.o
/usr/bin/cc   -g     -o CMakeFiles/cmTryCompileExec3984614500.dir/CheckIncludeFile.c.o   -c "/home/jason/Desktop/Dropbox/fall2014/Scalable Machine Learning/hw5/Galois-2.2.1/build/default/CMakeFiles/CMakeTmp/CheckIncludeFile.c"
/home/jason/Desktop/Dropbox/fall2014/Scalable Machine Learning/hw5/Galois-2.2.1/build/default/CMakeFiles/CMakeTmp/CheckIncludeFile.c:1:17: fatal error: dld.h: No such file or directory
 #include <dld.h>
                 ^
compilation terminated.
make[1]: *** [CMakeFiles/cmTryCompileExec3984614500.dir/CheckIncludeFile.c.o] Error 1
make[1]: Leaving directory `/home/jason/Desktop/Dropbox/fall2014/Scalable Machine Learning/hw5/Galois-2.2.1/build/default/CMakeFiles/CMakeTmp'
make: *** [cmTryCompileExec3984614500/fast] Error 2


Determining if the include file malloc/malloc.h exists failed with the following output:
Change Dir: /home/jason/Desktop/Dropbox/fall2014/Scalable Machine Learning/hw5/Galois-2.2.1/build/default/CMakeFiles/CMakeTmp

Run Build Command:/usr/bin/make "cmTryCompileExec1894497259/fast"
/usr/bin/make -f CMakeFiles/cmTryCompileExec1894497259.dir/build.make CMakeFiles/cmTryCompileExec1894497259.dir/build
make[1]: Entering directory `/home/jason/Desktop/Dropbox/fall2014/Scalable Machine Learning/hw5/Galois-2.2.1/build/default/CMakeFiles/CMakeTmp'
/usr/bin/cmake -E cmake_progress_report "/home/jason/Desktop/Dropbox/fall2014/Scalable Machine Learning/hw5/Galois-2.2.1/build/default/CMakeFiles/CMakeTmp/CMakeFiles" 1
Building C object CMakeFiles/cmTryCompileExec1894497259.dir/CheckIncludeFile.c.o
/usr/bin/cc   -g     -o CMakeFiles/cmTryCompileExec1894497259.dir/CheckIncludeFile.c.o   -c "/home/jason/Desktop/Dropbox/fall2014/Scalable Machine Learning/hw5/Galois-2.2.1/build/default/CMakeFiles/CMakeTmp/CheckIncludeFile.c"
/home/jason/Desktop/Dropbox/fall2014/Scalable Machine Learning/hw5/Galois-2.2.1/build/default/CMakeFiles/CMakeTmp/CheckIncludeFile.c:1:27: fatal error: malloc/malloc.h: No such file or directory
 #include <malloc/malloc.h>
                           ^
compilation terminated.
make[1]: *** [CMakeFiles/cmTryCompileExec1894497259.dir/CheckIncludeFile.c.o] Error 1
make[1]: Leaving directory `/home/jason/Desktop/Dropbox/fall2014/Scalable Machine Learning/hw5/Galois-2.2.1/build/default/CMakeFiles/CMakeTmp'
make: *** [cmTryCompileExec1894497259/fast] Error 2


Determining if the include file ndir.h exists failed with the following output:
Change Dir: /home/jason/Desktop/Dropbox/fall2014/Scalable Machine Learning/hw5/Galois-2.2.1/build/default/CMakeFiles/CMakeTmp

Run Build Command:/usr/bin/make "cmTryCompileExec1497912345/fast"
/usr/bin/make -f CMakeFiles/cmTryCompileExec1497912345.dir/build.make CMakeFiles/cmTryCompileExec1497912345.dir/build
make[1]: Entering directory `/home/jason/Desktop/Dropbox/fall2014/Scalable Machine Learning/hw5/Galois-2.2.1/build/default/CMakeFiles/CMakeTmp'
/usr/bin/cmake -E cmake_progress_report "/home/jason/Desktop/Dropbox/fall2014/Scalable Machine Learning/hw5/Galois-2.2.1/build/default/CMakeFiles/CMakeTmp/CMakeFiles" 1
Building C object CMakeFiles/cmTryCompileExec1497912345.dir/CheckIncludeFile.c.o
/usr/bin/cc   -g     -o CMakeFiles/cmTryCompileExec1497912345.dir/CheckIncludeFile.c.o   -c "/home/jason/Desktop/Dropbox/fall2014/Scalable Machine Learning/hw5/Galois-2.2.1/build/default/CMakeFiles/CMakeTmp/CheckIncludeFile.c"
/home/jason/Desktop/Dropbox/fall2014/Scalable Machine Learning/hw5/Galois-2.2.1/build/default/CMakeFiles/CMakeTmp/CheckIncludeFile.c:1:18: fatal error: ndir.h: No such file or directory
 #include <ndir.h>
                  ^
compilation terminated.
make[1]: Leaving directory `/home/jason/Desktop/Dropbox/fall2014/Scalable Machine Learning/hw5/Galois-2.2.1/build/default/CMakeFiles/CMakeTmp'
make[1]: *** [CMakeFiles/cmTryCompileExec1497912345.dir/CheckIncludeFile.c.o] Error 1
make: *** [cmTryCompileExec1497912345/fast] Error 2


Determining if the include file sys/dl.h exists failed with the following output:
Change Dir: /home/jason/Desktop/Dropbox/fall2014/Scalable Machine Learning/hw5/Galois-2.2.1/build/default/CMakeFiles/CMakeTmp

Run Build Command:/usr/bin/make "cmTryCompileExec1017519665/fast"
/usr/bin/make -f CMakeFiles/cmTryCompileExec1017519665.dir/build.make CMakeFiles/cmTryCompileExec1017519665.dir/build
make[1]: Entering directory `/home/jason/Desktop/Dropbox/fall2014/Scalable Machine Learning/hw5/Galois-2.2.1/build/default/CMakeFiles/CMakeTmp'
/usr/bin/cmake -E cmake_progress_report "/home/jason/Desktop/Dropbox/fall2014/Scalable Machine Learning/hw5/Galois-2.2.1/build/default/CMakeFiles/CMakeTmp/CMakeFiles" 1
Building C object CMakeFiles/cmTryCompileExec1017519665.dir/CheckIncludeFile.c.o
/usr/bin/cc   -g     -o CMakeFiles/cmTryCompileExec1017519665.dir/CheckIncludeFile.c.o   -c "/home/jason/Desktop/Dropbox/fall2014/Scalable Machine Learning/hw5/Galois-2.2.1/build/default/CMakeFiles/CMakeTmp/CheckIncludeFile.c"
/home/jason/Desktop/Dropbox/fall2014/Scalable Machine Learning/hw5/Galois-2.2.1/build/default/CMakeFiles/CMakeTmp/CheckIncludeFile.c:1:20: fatal error: sys/dl.h: No such file or directory
 #include <sys/dl.h>
                    ^
compilation terminated.
make[1]: *** [CMakeFiles/cmTryCompileExec1017519665.dir/CheckIncludeFile.c.o] Error 1
make[1]: Leaving directory `/home/jason/Desktop/Dropbox/fall2014/Scalable Machine Learning/hw5/Galois-2.2.1/build/default/CMakeFiles/CMakeTmp'
make: *** [cmTryCompileExec1017519665/fast] Error 2


Determining if the include file sys/ndir.h exists failed with the following output:
Change Dir: /home/jason/Desktop/Dropbox/fall2014/Scalable Machine Learning/hw5/Galois-2.2.1/build/default/CMakeFiles/CMakeTmp

Run Build Command:/usr/bin/make "cmTryCompileExec1427668522/fast"
/usr/bin/make -f CMakeFiles/cmTryCompileExec1427668522.dir/build.make CMakeFiles/cmTryCompileExec1427668522.dir/build
make[1]: Entering directory `/home/jason/Desktop/Dropbox/fall2014/Scalable Machine Learning/hw5/Galois-2.2.1/build/default/CMakeFiles/CMakeTmp'
/usr/bin/cmake -E cmake_progress_report "/home/jason/Desktop/Dropbox/fall2014/Scalable Machine Learning/hw5/Galois-2.2.1/build/default/CMakeFiles/CMakeTmp/CMakeFiles" 1
Building C object CMakeFiles/cmTryCompileExec1427668522.dir/CheckIncludeFile.c.o
/usr/bin/cc   -g     -o CMakeFiles/cmTryCompileExec1427668522.dir/CheckIncludeFile.c.o   -c "/home/jason/Desktop/Dropbox/fall2014/Scalable Machine Learning/hw5/Galois-2.2.1/build/default/CMakeFiles/CMakeTmp/CheckIncludeFile.c"
/home/jason/Desktop/Dropbox/fall2014/Scalable Machine Learning/hw5/Galois-2.2.1/build/default/CMakeFiles/CMakeTmp/CheckIncludeFile.c:1:22: fatal error: sys/ndir.h: No such file or directory
 #include <sys/ndir.h>
                      ^
compilation terminated.
make[1]: *** [CMakeFiles/cmTryCompileExec1427668522.dir/CheckIncludeFile.c.o] Error 1
make[1]: Leaving directory `/home/jason/Desktop/Dropbox/fall2014/Scalable Machine Learning/hw5/Galois-2.2.1/build/default/CMakeFiles/CMakeTmp'
make: *** [cmTryCompileExec1427668522/fast] Error 2


Determining if the include file windows.h exists failed with the following output:
Change Dir: /home/jason/Desktop/Dropbox/fall2014/Scalable Machine Learning/hw5/Galois-2.2.1/build/default/CMakeFiles/CMakeTmp

Run Build Command:/usr/bin/make "cmTryCompileExec433305015/fast"
/usr/bin/make -f CMakeFiles/cmTryCompileExec433305015.dir/build.make CMakeFiles/cmTryCompileExec433305015.dir/build
make[1]: Entering directory `/home/jason/Desktop/Dropbox/fall2014/Scalable Machine Learning/hw5/Galois-2.2.1/build/default/CMakeFiles/CMakeTmp'
/usr/bin/cmake -E cmake_progress_report "/home/jason/Desktop/Dropbox/fall2014/Scalable Machine Learning/hw5/Galois-2.2.1/build/default/CMakeFiles/CMakeTmp/CMakeFiles" 1
Building C object CMakeFiles/cmTryCompileExec433305015.dir/CheckIncludeFile.c.o
/usr/bin/cc   -g     -o CMakeFiles/cmTryCompileExec433305015.dir/CheckIncludeFile.c.o   -c "/home/jason/Desktop/Dropbox/fall2014/Scalable Machine Learning/hw5/Galois-2.2.1/build/default/CMakeFiles/CMakeTmp/CheckIncludeFile.c"
/home/jason/Desktop/Dropbox/fall2014/Scalable Machine Learning/hw5/Galois-2.2.1/build/default/CMakeFiles/CMakeTmp/CheckIncludeFile.c:1:21: fatal error: windows.h: No such file or directory
 #include <windows.h>
                     ^
compilation terminated.
make[1]: *** [CMakeFiles/cmTryCompileExec433305015.dir/CheckIncludeFile.c.o] Error 1
make[1]: Leaving directory `/home/jason/Desktop/Dropbox/fall2014/Scalable Machine Learning/hw5/Galois-2.2.1/build/default/CMakeFiles/CMakeTmp'
make: *** [cmTryCompileExec433305015/fast] Error 2


Determining if the include file mach/mach.h exists failed with the following output:
Change Dir: /home/jason/Desktop/Dropbox/fall2014/Scalable Machine Learning/hw5/Galois-2.2.1/build/default/CMakeFiles/CMakeTmp

Run Build Command:/usr/bin/make "cmTryCompileExec3944966183/fast"
/usr/bin/make -f CMakeFiles/cmTryCompileExec3944966183.dir/build.make CMakeFiles/cmTryCompileExec3944966183.dir/build
make[1]: Entering directory `/home/jason/Desktop/Dropbox/fall2014/Scalable Machine Learning/hw5/Galois-2.2.1/build/default/CMakeFiles/CMakeTmp'
/usr/bin/cmake -E cmake_progress_report "/home/jason/Desktop/Dropbox/fall2014/Scalable Machine Learning/hw5/Galois-2.2.1/build/default/CMakeFiles/CMakeTmp/CMakeFiles" 1
Building C object CMakeFiles/cmTryCompileExec3944966183.dir/CheckIncludeFile.c.o
/usr/bin/cc   -g     -o CMakeFiles/cmTryCompileExec3944966183.dir/CheckIncludeFile.c.o   -c "/home/jason/Desktop/Dropbox/fall2014/Scalable Machine Learning/hw5/Galois-2.2.1/build/default/CMakeFiles/CMakeTmp/CheckIncludeFile.c"
/home/jason/Desktop/Dropbox/fall2014/Scalable Machine Learning/hw5/Galois-2.2.1/build/default/CMakeFiles/CMakeTmp/CheckIncludeFile.c:1:23: fatal error: mach/mach.h: No such file or directory
 #include <mach/mach.h>
                       ^
compilation terminated.
make[1]: *** [CMakeFiles/cmTryCompileExec3944966183.dir/CheckIncludeFile.c.o] Error 1
make[1]: Leaving directory `/home/jason/Desktop/Dropbox/fall2014/Scalable Machine Learning/hw5/Galois-2.2.1/build/default/CMakeFiles/CMakeTmp'
make: *** [cmTryCompileExec3944966183/fast] Error 2


Determining if the include file mach-o/dyld.h exists failed with the following output:
Change Dir: /home/jason/Desktop/Dropbox/fall2014/Scalable Machine Learning/hw5/Galois-2.2.1/build/default/CMakeFiles/CMakeTmp

Run Build Command:/usr/bin/make "cmTryCompileExec3043405044/fast"
/usr/bin/make -f CMakeFiles/cmTryCompileExec3043405044.dir/build.make CMakeFiles/cmTryCompileExec3043405044.dir/build
make[1]: Entering directory `/home/jason/Desktop/Dropbox/fall2014/Scalable Machine Learning/hw5/Galois-2.2.1/build/default/CMakeFiles/CMakeTmp'
/usr/bin/cmake -E cmake_progress_report "/home/jason/Desktop/Dropbox/fall2014/Scalable Machine Learning/hw5/Galois-2.2.1/build/default/CMakeFiles/CMakeTmp/CMakeFiles" 1
Building C object CMakeFiles/cmTryCompileExec3043405044.dir/CheckIncludeFile.c.o
/usr/bin/cc   -g     -o CMakeFiles/cmTryCompileExec3043405044.dir/CheckIncludeFile.c.o   -c "/home/jason/Desktop/Dropbox/fall2014/Scalable Machine Learning/hw5/Galois-2.2.1/build/default/CMakeFiles/CMakeTmp/CheckIncludeFile.c"
/home/jason/Desktop/Dropbox/fall2014/Scalable Machine Learning/hw5/Galois-2.2.1/build/default/CMakeFiles/CMakeTmp/CheckIncludeFile.c:1:25: fatal error: mach-o/dyld.h: No such file or directory
 #include <mach-o/dyld.h>
                         ^
compilation terminated.
make[1]: *** [CMakeFiles/cmTryCompileExec3043405044.dir/CheckIncludeFile.c.o] Error 1
make[1]: Leaving directory `/home/jason/Desktop/Dropbox/fall2014/Scalable Machine Learning/hw5/Galois-2.2.1/build/default/CMakeFiles/CMakeTmp'
make: *** [cmTryCompileExec3043405044/fast] Error 2


Determining if the isinf exist failed with the following output:
Change Dir: /home/jason/Desktop/Dropbox/fall2014/Scalable Machine Learning/hw5/Galois-2.2.1/build/default/CMakeFiles/CMakeTmp

Run Build Command:/usr/bin/make "cmTryCompileExec3602176761/fast"
/usr/bin/make -f CMakeFiles/cmTryCompileExec3602176761.dir/build.make CMakeFiles/cmTryCompileExec3602176761.dir/build
make[1]: Entering directory `/home/jason/Desktop/Dropbox/fall2014/Scalable Machine Learning/hw5/Galois-2.2.1/build/default/CMakeFiles/CMakeTmp'
/usr/bin/cmake -E cmake_progress_report "/home/jason/Desktop/Dropbox/fall2014/Scalable Machine Learning/hw5/Galois-2.2.1/build/default/CMakeFiles/CMakeTmp/CMakeFiles" 1
Building C object CMakeFiles/cmTryCompileExec3602176761.dir/CheckSymbolExists.c.o
/usr/bin/cc   -g     -o CMakeFiles/cmTryCompileExec3602176761.dir/CheckSymbolExists.c.o   -c "/home/jason/Desktop/Dropbox/fall2014/Scalable Machine Learning/hw5/Galois-2.2.1/build/default/CMakeFiles/CMakeTmp/CheckSymbolExists.c"
/home/jason/Desktop/Dropbox/fall2014/Scalable Machine Learning/hw5/Galois-2.2.1/build/default/CMakeFiles/CMakeTmp/CheckSymbolExists.c:2:17: fatal error: cmath: No such file or directory
 #include <cmath>
                 ^
compilation terminated.
make[1]: *** [CMakeFiles/cmTryCompileExec3602176761.dir/CheckSymbolExists.c.o] Error 1
make[1]: Leaving directory `/home/jason/Desktop/Dropbox/fall2014/Scalable Machine Learning/hw5/Galois-2.2.1/build/default/CMakeFiles/CMakeTmp'
make: *** [cmTryCompileExec3602176761/fast] Error 2

File /home/jason/Desktop/Dropbox/fall2014/Scalable Machine Learning/hw5/Galois-2.2.1/build/default/CMakeFiles/CMakeTmp/CheckSymbolExists.c:
/* */
#include <cmath>

int main(int argc, char** argv)
{
  (void)argv;
#ifndef isinf
  return ((int*)(&isinf))[argc];
#else
  (void)argc;
  return 0;
#endif
}

Determining if the finite exist failed with the following output:
Change Dir: /home/jason/Desktop/Dropbox/fall2014/Scalable Machine Learning/hw5/Galois-2.2.1/build/default/CMakeFiles/CMakeTmp

Run Build Command:/usr/bin/make "cmTryCompileExec1881311335/fast"
/usr/bin/make -f CMakeFiles/cmTryCompileExec1881311335.dir/build.make CMakeFiles/cmTryCompileExec1881311335.dir/build
make[1]: Entering directory `/home/jason/Desktop/Dropbox/fall2014/Scalable Machine Learning/hw5/Galois-2.2.1/build/default/CMakeFiles/CMakeTmp'
/usr/bin/cmake -E cmake_progress_report "/home/jason/Desktop/Dropbox/fall2014/Scalable Machine Learning/hw5/Galois-2.2.1/build/default/CMakeFiles/CMakeTmp/CMakeFiles" 1
Building C object CMakeFiles/cmTryCompileExec1881311335.dir/CheckSymbolExists.c.o
/usr/bin/cc   -g     -o CMakeFiles/cmTryCompileExec1881311335.dir/CheckSymbolExists.c.o   -c "/home/jason/Desktop/Dropbox/fall2014/Scalable Machine Learning/hw5/Galois-2.2.1/build/default/CMakeFiles/CMakeTmp/CheckSymbolExists.c"
/home/jason/Desktop/Dropbox/fall2014/Scalable Machine Learning/hw5/Galois-2.2.1/build/default/CMakeFiles/CMakeTmp/CheckSymbolExists.c:2:20: fatal error: ieeefp.h: No such file or directory
 #include <ieeefp.h>
                    ^
compilation terminated.
make[1]: *** [CMakeFiles/cmTryCompileExec1881311335.dir/CheckSymbolExists.c.o] Error 1
make[1]: Leaving directory `/home/jason/Desktop/Dropbox/fall2014/Scalable Machine Learning/hw5/Galois-2.2.1/build/default/CMakeFiles/CMakeTmp'
make: *** [cmTryCompileExec1881311335/fast] Error 2

File /home/jason/Desktop/Dropbox/fall2014/Scalable Machine Learning/hw5/Galois-2.2.1/build/default/CMakeFiles/CMakeTmp/CheckSymbolExists.c:
/* */
#include <ieeefp.h>

int main(int argc, char** argv)
{
  (void)argv;
#ifndef finite
  return ((int*)(&finite))[argc];
#else
  (void)argc;
  return 0;
#endif
}

Determining if the isnan exist failed with the following output:
Change Dir: /home/jason/Desktop/Dropbox/fall2014/Scalable Machine Learning/hw5/Galois-2.2.1/build/default/CMakeFiles/CMakeTmp

Run Build Command:/usr/bin/make "cmTryCompileExec4252324468/fast"
/usr/bin/make -f CMakeFiles/cmTryCompileExec4252324468.dir/build.make CMakeFiles/cmTryCompileExec4252324468.dir/build
make[1]: Entering directory `/home/jason/Desktop/Dropbox/fall2014/Scalable Machine Learning/hw5/Galois-2.2.1/build/default/CMakeFiles/CMakeTmp'
/usr/bin/cmake -E cmake_progress_report "/home/jason/Desktop/Dropbox/fall2014/Scalable Machine Learning/hw5/Galois-2.2.1/build/default/CMakeFiles/CMakeTmp/CMakeFiles" 1
Building C object CMakeFiles/cmTryCompileExec4252324468.dir/CheckSymbolExists.c.o
/usr/bin/cc   -g     -o CMakeFiles/cmTryCompileExec4252324468.dir/CheckSymbolExists.c.o   -c "/home/jason/Desktop/Dropbox/fall2014/Scalable Machine Learning/hw5/Galois-2.2.1/build/default/CMakeFiles/CMakeTmp/CheckSymbolExists.c"
/home/jason/Desktop/Dropbox/fall2014/Scalable Machine Learning/hw5/Galois-2.2.1/build/default/CMakeFiles/CMakeTmp/CheckSymbolExists.c:2:17: fatal error: cmath: No such file or directory
 #include <cmath>
                 ^
compilation terminated.
make[1]: *** [CMakeFiles/cmTryCompileExec4252324468.dir/CheckSymbolExists.c.o] Error 1
make[1]: Leaving directory `/home/jason/Desktop/Dropbox/fall2014/Scalable Machine Learning/hw5/Galois-2.2.1/build/default/CMakeFiles/CMakeTmp'
make: *** [cmTryCompileExec4252324468/fast] Error 2

File /home/jason/Desktop/Dropbox/fall2014/Scalable Machine Learning/hw5/Galois-2.2.1/build/default/CMakeFiles/CMakeTmp/CheckSymbolExists.c:
/* */
#include <cmath>

int main(int argc, char** argv)
{
  (void)argv;
#ifndef isnan
  return ((int*)(&isnan))[argc];
#else
  (void)argc;
  return 0;
#endif
}

Determining if the malloc_zone_statistics exist failed with the following output:
Change Dir: /home/jason/Desktop/Dropbox/fall2014/Scalable Machine Learning/hw5/Galois-2.2.1/build/default/CMakeFiles/CMakeTmp

Run Build Command:/usr/bin/make "cmTryCompileExec3676226100/fast"
/usr/bin/make -f CMakeFiles/cmTryCompileExec3676226100.dir/build.make CMakeFiles/cmTryCompileExec3676226100.dir/build
make[1]: Entering directory `/home/jason/Desktop/Dropbox/fall2014/Scalable Machine Learning/hw5/Galois-2.2.1/build/default/CMakeFiles/CMakeTmp'
/usr/bin/cmake -E cmake_progress_report "/home/jason/Desktop/Dropbox/fall2014/Scalable Machine Learning/hw5/Galois-2.2.1/build/default/CMakeFiles/CMakeTmp/CMakeFiles" 1
Building C object CMakeFiles/cmTryCompileExec3676226100.dir/CheckSymbolExists.c.o
/usr/bin/cc   -g     -o CMakeFiles/cmTryCompileExec3676226100.dir/CheckSymbolExists.c.o   -c "/home/jason/Desktop/Dropbox/fall2014/Scalable Machine Learning/hw5/Galois-2.2.1/build/default/CMakeFiles/CMakeTmp/CheckSymbolExists.c"
/home/jason/Desktop/Dropbox/fall2014/Scalable Machine Learning/hw5/Galois-2.2.1/build/default/CMakeFiles/CMakeTmp/CheckSymbolExists.c:2:27: fatal error: malloc/malloc.h: No such file or directory
 #include <malloc/malloc.h>
                           ^
compilation terminated.
make[1]: *** [CMakeFiles/cmTryCompileExec3676226100.dir/CheckSymbolExists.c.o] Error 1
make[1]: Leaving directory `/home/jason/Desktop/Dropbox/fall2014/Scalable Machine Learning/hw5/Galois-2.2.1/build/default/CMakeFiles/CMakeTmp'
make: *** [cmTryCompileExec3676226100/fast] Error 2

File /home/jason/Desktop/Dropbox/fall2014/Scalable Machine Learning/hw5/Galois-2.2.1/build/default/CMakeFiles/CMakeTmp/CheckSymbolExists.c:
/* */
#include <malloc/malloc.h>

int main(int argc, char** argv)
{
  (void)argv;
#ifndef malloc_zone_statistics
  return ((int*)(&malloc_zone_statistics))[argc];
#else
  (void)argc;
  return 0;
#endif
}

Determining if the strerror_s exist failed with the following output:
Change Dir: /home/jason/Desktop/Dropbox/fall2014/Scalable Machine Learning/hw5/Galois-2.2.1/build/default/CMakeFiles/CMakeTmp

Run Build Command:/usr/bin/make "cmTryCompileExec3352034693/fast"
/usr/bin/make -f CMakeFiles/cmTryCompileExec3352034693.dir/build.make CMakeFiles/cmTryCompileExec3352034693.dir/build
make[1]: Entering directory `/home/jason/Desktop/Dropbox/fall2014/Scalable Machine Learning/hw5/Galois-2.2.1/build/default/CMakeFiles/CMakeTmp'
/usr/bin/cmake -E cmake_progress_report "/home/jason/Desktop/Dropbox/fall2014/Scalable Machine Learning/hw5/Galois-2.2.1/build/default/CMakeFiles/CMakeTmp/CMakeFiles" 1
Building C object CMakeFiles/cmTryCompileExec3352034693.dir/CheckSymbolExists.c.o
/usr/bin/cc   -g     -o CMakeFiles/cmTryCompileExec3352034693.dir/CheckSymbolExists.c.o   -c "/home/jason/Desktop/Dropbox/fall2014/Scalable Machine Learning/hw5/Galois-2.2.1/build/default/CMakeFiles/CMakeTmp/CheckSymbolExists.c"
/home/jason/Desktop/Dropbox/fall2014/Scalable Machine Learning/hw5/Galois-2.2.1/build/default/CMakeFiles/CMakeTmp/CheckSymbolExists.c: In function ‘main’:
/home/jason/Desktop/Dropbox/fall2014/Scalable Machine Learning/hw5/Galois-2.2.1/build/default/CMakeFiles/CMakeTmp/CheckSymbolExists.c:8:19: error: ‘strerror_s’ undeclared (first use in this function)
   return ((int*)(&strerror_s))[argc];
                   ^
/home/jason/Desktop/Dropbox/fall2014/Scalable Machine Learning/hw5/Galois-2.2.1/build/default/CMakeFiles/CMakeTmp/CheckSymbolExists.c:8:19: note: each undeclared identifier is reported only once for each function it appears in
make[1]: *** [CMakeFiles/cmTryCompileExec3352034693.dir/CheckSymbolExists.c.o] Error 1
make[1]: Leaving directory `/home/jason/Desktop/Dropbox/fall2014/Scalable Machine Learning/hw5/Galois-2.2.1/build/default/CMakeFiles/CMakeTmp'
make: *** [cmTryCompileExec3352034693/fast] Error 2

File /home/jason/Desktop/Dropbox/fall2014/Scalable Machine Learning/hw5/Galois-2.2.1/build/default/CMakeFiles/CMakeTmp/CheckSymbolExists.c:
/* */
#include <string.h>

int main(int argc, char** argv)
{
  (void)argv;
#ifndef strerror_s
  return ((int*)(&strerror_s))[argc];
#else
  (void)argc;
  return 0;
#endif
}

